0 info it worked if it ends with ok
1 verbose cli [ '/usr/bin/nodejs',
1 verbose cli   '/usr/bin/npm',
1 verbose cli   'install',
1 verbose cli   '-g',
1 verbose cli   'generator-foundation-five' ]
2 info using npm@1.4.21
3 info using node@v0.10.25
4 verbose cache add [ 'generator-foundation-five', null ]
5 verbose cache add name=undefined spec="generator-foundation-five" args=["generator-foundation-five",null]
6 verbose parsed url { protocol: null,
6 verbose parsed url   slashes: null,
6 verbose parsed url   auth: null,
6 verbose parsed url   host: null,
6 verbose parsed url   port: null,
6 verbose parsed url   hostname: null,
6 verbose parsed url   hash: null,
6 verbose parsed url   search: null,
6 verbose parsed url   query: null,
6 verbose parsed url   pathname: 'generator-foundation-five',
6 verbose parsed url   path: 'generator-foundation-five',
6 verbose parsed url   href: 'generator-foundation-five' }
7 silly lockFile b5e8215c-generator-foundation-five generator-foundation-five
8 verbose lock generator-foundation-five /home/josh/.npm/b5e8215c-generator-foundation-five.lock
9 silly lockFile b5e8215c-generator-foundation-five generator-foundation-five
10 silly lockFile b5e8215c-generator-foundation-five generator-foundation-five
11 verbose addNamed [ 'generator-foundation-five', '' ]
12 verbose addNamed [ null, '*' ]
13 silly lockFile b4d7978d-generator-foundation-five generator-foundation-five@
14 verbose lock generator-foundation-five@ /home/josh/.npm/b4d7978d-generator-foundation-five.lock
15 silly addNameRange { name: 'generator-foundation-five', range: '*', hasData: false }
16 verbose request where is /generator-foundation-five
17 verbose request registry https://registry.npmjs.org/
18 verbose request id 2f9de53124157198
19 verbose url raw /generator-foundation-five
20 verbose url resolving [ 'https://registry.npmjs.org/', './generator-foundation-five' ]
21 verbose url resolved https://registry.npmjs.org/generator-foundation-five
22 verbose request where is https://registry.npmjs.org/generator-foundation-five
23 info trying registry request attempt 1 at 13:32:09
24 http GET https://registry.npmjs.org/generator-foundation-five
25 http 200 https://registry.npmjs.org/generator-foundation-five
26 silly registry.get cb [ 200,
26 silly registry.get   { date: 'Sat, 20 Dec 2014 18:32:10 GMT',
26 silly registry.get     server: 'CouchDB/1.5.0 (Erlang OTP/R16B03)',
26 silly registry.get     etag: '"EYU2TP0OF2E00UE71J5Q8ZGWO"',
26 silly registry.get     'content-type': 'application/json',
26 silly registry.get     'cache-control': 'max-age=60',
26 silly registry.get     'content-length': '7199',
26 silly registry.get     'accept-ranges': 'bytes',
26 silly registry.get     via: '1.1 varnish',
26 silly registry.get     age: '0',
26 silly registry.get     'x-served-by': 'cache-ord1721-ORD',
26 silly registry.get     'x-cache': 'MISS',
26 silly registry.get     'x-cache-hits': '0',
26 silly registry.get     'x-timer': 'S1419100329.777965,VS0,VE234',
26 silly registry.get     vary: 'Accept',
26 silly registry.get     'keep-alive': 'timeout=10, max=50',
26 silly registry.get     connection: 'Keep-Alive' } ]
27 silly addNameRange number 2 { name: 'generator-foundation-five', range: '*', hasData: true }
28 silly addNameRange versions [ 'generator-foundation-five',
28 silly addNameRange   [ '0.0.1', '0.0.2', '0.0.3', '0.1.0' ] ]
29 verbose addNamed [ 'generator-foundation-five', '0.1.0' ]
30 verbose addNamed [ '0.1.0', '0.1.0' ]
31 silly lockFile 17dd160f-generator-foundation-five-0-1-0 generator-foundation-five@0.1.0
32 verbose lock generator-foundation-five@0.1.0 /home/josh/.npm/17dd160f-generator-foundation-five-0-1-0.lock
33 silly lockFile 171dc6fc-erator-foundation-five-0-1-0-tgz https://registry.npmjs.org/generator-foundation-five/-/generator-foundation-five-0.1.0.tgz
34 verbose lock https://registry.npmjs.org/generator-foundation-five/-/generator-foundation-five-0.1.0.tgz /home/josh/.npm/171dc6fc-erator-foundation-five-0-1-0-tgz.lock
35 verbose addRemoteTarball [ 'https://registry.npmjs.org/generator-foundation-five/-/generator-foundation-five-0.1.0.tgz',
35 verbose addRemoteTarball   '0c0130a46d3346094b1a2f34af2c59df28bdbcfc' ]
36 info retry fetch attempt 1 at 13:32:10
37 verbose fetch to= /tmp/npm-29240-cgZmcNGx/registry.npmjs.org/generator-foundation-five/-/generator-foundation-five-0.1.0.tgz
38 http GET https://registry.npmjs.org/generator-foundation-five/-/generator-foundation-five-0.1.0.tgz
39 http 200 https://registry.npmjs.org/generator-foundation-five/-/generator-foundation-five-0.1.0.tgz
40 silly lockFile 171dc6fc-erator-foundation-five-0-1-0-tgz https://registry.npmjs.org/generator-foundation-five/-/generator-foundation-five-0.1.0.tgz
41 silly lockFile 171dc6fc-erator-foundation-five-0-1-0-tgz https://registry.npmjs.org/generator-foundation-five/-/generator-foundation-five-0.1.0.tgz
42 silly lockFile 17dd160f-generator-foundation-five-0-1-0 generator-foundation-five@0.1.0
43 silly lockFile 17dd160f-generator-foundation-five-0-1-0 generator-foundation-five@0.1.0
44 silly lockFile b4d7978d-generator-foundation-five generator-foundation-five@
45 silly lockFile b4d7978d-generator-foundation-five generator-foundation-five@
46 silly resolved [ { name: 'generator-foundation-five',
46 silly resolved     version: '0.1.0',
46 silly resolved     description: 'Yeoman generator for Zurb Foundation 5',
46 silly resolved     keywords:
46 silly resolved      [ 'yeoman-generator',
46 silly resolved        'scaffold',
46 silly resolved        'foundation',
46 silly resolved        'rwd',
46 silly resolved        'zurb',
46 silly resolved        'dalekjs' ],
46 silly resolved     homepage: 'https://github.com/bauschan/generator-foundation-five',
46 silly resolved     bugs: { url: 'https://github.com/bauschan/generator-foundation-five.git/issues' },
46 silly resolved     author: { name: 'Peter Foerger' },
46 silly resolved     repository:
46 silly resolved      { type: 'git',
46 silly resolved        url: 'git://github.com/bauschan/generator-foundation-five.git' },
46 silly resolved     scripts: { test: 'mocha' },
46 silly resolved     dependencies:
46 silly resolved      { 'yeoman-generator': '~0.16.0',
46 silly resolved        chalk: '~0.4.0',
46 silly resolved        yosay: '^0.1.0' },
46 silly resolved     peerDependencies:
46 silly resolved      { yo: '>=1.0.0',
46 silly resolved        bower: '>=1.0.0',
46 silly resolved        'dalek-cli': '>=0.0.3',
46 silly resolved        dalekjs: '>=0.0.8' },
46 silly resolved     devDependencies: { mocha: '*' },
46 silly resolved     engines: { node: '>=0.10.0' },
46 silly resolved     licenses: [ [Object] ],
46 silly resolved     files: [ 'app' ],
46 silly resolved     _id: 'generator-foundation-five@0.1.0',
46 silly resolved     _shasum: '0c0130a46d3346094b1a2f34af2c59df28bdbcfc',
46 silly resolved     _from: 'generator-foundation-five@',
46 silly resolved     _npmVersion: '1.4.9',
46 silly resolved     _npmUser: { name: 'bauschan', email: 'pfoerger@mac.com' },
46 silly resolved     maintainers: [ [Object] ],
46 silly resolved     dist:
46 silly resolved      { shasum: '0c0130a46d3346094b1a2f34af2c59df28bdbcfc',
46 silly resolved        tarball: 'http://registry.npmjs.org/generator-foundation-five/-/generator-foundation-five-0.1.0.tgz' },
46 silly resolved     directories: {},
46 silly resolved     _resolved: 'https://registry.npmjs.org/generator-foundation-five/-/generator-foundation-five-0.1.0.tgz' } ]
47 info install generator-foundation-five@0.1.0 into /usr/local/lib
48 info installOne generator-foundation-five@0.1.0
49 verbose lib/node_modules/generator-foundation-five unbuild
50 verbose tar unpack /home/josh/.npm/generator-foundation-five/0.1.0/package.tgz
51 silly lockFile b0af422a-odules-generator-foundation-five tar:///usr/local/lib/node_modules/generator-foundation-five
52 verbose lock tar:///usr/local/lib/node_modules/generator-foundation-five /home/josh/.npm/b0af422a-odules-generator-foundation-five.lock
53 silly lockFile 4ad1bf41-oundation-five-0-1-0-package-tgz tar:///home/josh/.npm/generator-foundation-five/0.1.0/package.tgz
54 verbose lock tar:///home/josh/.npm/generator-foundation-five/0.1.0/package.tgz /home/josh/.npm/4ad1bf41-oundation-five-0-1-0-package-tgz.lock
55 silly gunzTarPerm modes [ '775', '664' ]
56 error Error: EACCES, mkdir '/usr/local/lib/node_modules/generator-foundation-five'
56 error  { [Error: EACCES, mkdir '/usr/local/lib/node_modules/generator-foundation-five']
56 error   errno: 3,
56 error   code: 'EACCES',
56 error   path: '/usr/local/lib/node_modules/generator-foundation-five',
56 error   fstream_type: 'Directory',
56 error   fstream_path: '/usr/local/lib/node_modules/generator-foundation-five',
56 error   fstream_class: 'DirWriter',
56 error   fstream_stack:
56 error    [ '/usr/lib/nodejs/fstream/lib/dir-writer.js:36:23',
56 error      '/usr/lib/nodejs/mkdirp/index.js:37:53',
56 error      'Object.oncomplete (fs.js:107:15)' ] }
57 error Please try running this command again as root/Administrator.
58 error System Linux 3.16.0-28-generic
59 error command "/usr/bin/nodejs" "/usr/bin/npm" "install" "-g" "generator-foundation-five"
60 error cwd /home/josh/Development/foundation-yo
61 error node -v v0.10.25
62 error npm -v 1.4.21
63 error path /usr/local/lib/node_modules/generator-foundation-five
64 error fstream_path /usr/local/lib/node_modules/generator-foundation-five
65 error fstream_type Directory
66 error fstream_class DirWriter
67 error code EACCES
68 error errno 3
69 error stack Error: EACCES, mkdir '/usr/local/lib/node_modules/generator-foundation-five'
70 error fstream_stack /usr/lib/nodejs/fstream/lib/dir-writer.js:36:23
70 error fstream_stack /usr/lib/nodejs/mkdirp/index.js:37:53
70 error fstream_stack Object.oncomplete (fs.js:107:15)
71 verbose exit [ 3, true ]
